{
  message: 'database connection established',
  level: 'info',
  label: 'right meow!',
  timestamp: '2023-07-02T06:32:11.509Z'
}
{
  message: 'Example app listening on port 5000',
  level: 'info',
  label: 'right meow!',
  timestamp: '2023-07-02T06:32:11.523Z'
}
{
  message: 'database connection established',
  level: 'info',
  label: 'right meow!',
  timestamp: '2023-07-02T06:33:59.889Z'
}
{
  message: 'Example app listening on port 5000',
  level: 'info',
  label: 'right meow!',
  timestamp: '2023-07-02T06:33:59.903Z'
}
{
  message: 'database connection established',
  level: 'info',
  label: 'right meow!',
  timestamp: '2023-07-02T06:34:16.067Z'
}
{
  message: 'Example app listening on port 5000',
  level: 'info',
  label: 'right meow!',
  timestamp: '2023-07-02T06:34:16.081Z'
}
