{
  level: 'error',
  message: 'globalErrorHandler Converting circular structure to JSON\n' +
    "    --> starting at object with constructor 'MongoClient'\n" +
    "    |     property 's' -> object with constructor 'Object'\n" +
    "    |     property 'sessionPool' -> object with constructor 'ServerSessionPool'\n" +
    "    --- property 'client' closes the circle",
  stack: 'TypeError: Converting circular structure to JSON\n' +
    "    --> starting at object with constructor 'MongoClient'\n" +
    "    |     property 's' -> object with constructor 'Object'\n" +
    "    |     property 'sessionPool' -> object with constructor 'ServerSessionPool'\n" +
    "    --- property 'client' closes the circle\n" +
    '    at JSON.stringify (<anonymous>)\n' +
    '    at stringify (C:\\allProject\\university management system project\\University-Managment-App\\node_modules\\express\\lib\\response.js:1150:12)\n' +
    '    at ServerResponse.json (C:\\allProject\\university management system project\\University-Managment-App\\node_modules\\express\\lib\\response.js:271:14)\n' +
    '    at C:\\allProject\\university management system project\\University-Managment-App\\src\\app\\module\\academicDepartment\\academicDepartment.Controller.ts:79:21\n' +
    '    at Generator.next (<anonymous>)\n' +
    '    at fulfilled (C:\\allProject\\university management system project\\University-Managment-App\\src\\app\\module\\academicDepartment\\academicDepartment.Controller.ts:5:58)\n' +
    '    at processTicksAndRejections (node:internal/process/task_queues:95:5)',
  label: 'right error',
  timestamp: '2023-06-25T04:30:40.573Z'
}
{
  level: 'error',
  message: 'globalErrorHandler Converting circular structure to JSON\n' +
    "    --> starting at object with constructor 'MongoClient'\n" +
    "    |     property 's' -> object with constructor 'Object'\n" +
    "    |     property 'sessionPool' -> object with constructor 'ServerSessionPool'\n" +
    "    --- property 'client' closes the circle",
  stack: 'TypeError: Converting circular structure to JSON\n' +
    "    --> starting at object with constructor 'MongoClient'\n" +
    "    |     property 's' -> object with constructor 'Object'\n" +
    "    |     property 'sessionPool' -> object with constructor 'ServerSessionPool'\n" +
    "    --- property 'client' closes the circle\n" +
    '    at JSON.stringify (<anonymous>)\n' +
    '    at stringify (C:\\allProject\\university management system project\\University-Managment-App\\node_modules\\express\\lib\\response.js:1150:12)\n' +
    '    at ServerResponse.json (C:\\allProject\\university management system project\\University-Managment-App\\node_modules\\express\\lib\\response.js:271:14)\n' +
    '    at C:\\allProject\\university management system project\\University-Managment-App\\src\\app\\module\\academicDepartment\\academicDepartment.Controller.ts:79:21\n' +
    '    at Generator.next (<anonymous>)\n' +
    '    at fulfilled (C:\\allProject\\university management system project\\University-Managment-App\\src\\app\\module\\academicDepartment\\academicDepartment.Controller.ts:5:58)\n' +
    '    at processTicksAndRejections (node:internal/process/task_queues:95:5)',
  label: 'right error',
  timestamp: '2023-06-25T04:31:10.914Z'
}
{
  level: 'error',
  message: "globalErrorHandler Can't use $option with String.",
  stack: "Error: Can't use $option with String.\n" +
    '    at SchemaString.castForQuery (C:\\allProject\\university management system project\\University-Managment-App\\node_modules\\mongoose\\lib\\schema\\string.js:679:13)\n' +
    '    at cast (C:\\allProject\\university management system project\\University-Managment-App\\node_modules\\mongoose\\lib\\cast.js:326:39)\n' +
    '    at cast (C:\\allProject\\university management system project\\University-Managment-App\\node_modules\\mongoose\\lib\\cast.js:71:18)\n' +
    '    at cast (C:\\allProject\\university management system project\\University-Managment-App\\node_modules\\mongoose\\lib\\cast.js:71:18)\n' +
    '    at model.Query.Query.cast (C:\\allProject\\university management system project\\University-Managment-App\\node_modules\\mongoose\\lib\\query.js:4874:12)\n' +
    '    at model.Query.Query._castConditions (C:\\allProject\\university management system project\\University-Managment-App\\node_modules\\mongoose\\lib\\query.js:2210:10)\n' +
    '    at model.Query._find (C:\\allProject\\university management system project\\University-Managment-App\\node_modules\\mongoose\\lib\\query.js:2236:8)\n' +
    '    at model.Query.exec (C:\\allProject\\university management system project\\University-Managment-App\\node_modules\\mongoose\\lib\\query.js:4404:28)\n' +
    '    at processTicksAndRejections (node:internal/process/task_queues:95:5)',
  label: 'right error',
  timestamp: '2023-06-25T04:34:01.554Z'
}
{
  level: 'error',
  message: 'globalErrorHandler Converting circular structure to JSON\n' +
    "    --> starting at object with constructor 'MongoClient'\n" +
    "    |     property 's' -> object with constructor 'Object'\n" +
    "    |     property 'sessionPool' -> object with constructor 'ServerSessionPool'\n" +
    "    --- property 'client' closes the circle",
  stack: 'TypeError: Converting circular structure to JSON\n' +
    "    --> starting at object with constructor 'MongoClient'\n" +
    "    |     property 's' -> object with constructor 'Object'\n" +
    "    |     property 'sessionPool' -> object with constructor 'ServerSessionPool'\n" +
    "    --- property 'client' closes the circle\n" +
    '    at JSON.stringify (<anonymous>)\n' +
    '    at stringify (C:\\allProject\\university management system project\\University-Managment-App\\node_modules\\express\\lib\\response.js:1150:12)\n' +
    '    at ServerResponse.json (C:\\allProject\\university management system project\\University-Managment-App\\node_modules\\express\\lib\\response.js:271:14)\n' +
    '    at C:\\allProject\\university management system project\\University-Managment-App\\src\\app\\module\\academicDepartment\\academicDepartment.Controller.ts:79:21\n' +
    '    at Generator.next (<anonymous>)\n' +
    '    at fulfilled (C:\\allProject\\university management system project\\University-Managment-App\\src\\app\\module\\academicDepartment\\academicDepartment.Controller.ts:5:58)\n' +
    '    at processTicksAndRejections (node:internal/process/task_queues:95:5)',
  label: 'right error',
  timestamp: '2023-06-25T04:34:33.482Z'
}
{
  level: 'error',
  message: 'globalErrorHandler Converting circular structure to JSON\n' +
    "    --> starting at object with constructor 'MongoClient'\n" +
    "    |     property 's' -> object with constructor 'Object'\n" +
    "    |     property 'sessionPool' -> object with constructor 'ServerSessionPool'\n" +
    "    --- property 'client' closes the circle",
  stack: 'TypeError: Converting circular structure to JSON\n' +
    "    --> starting at object with constructor 'MongoClient'\n" +
    "    |     property 's' -> object with constructor 'Object'\n" +
    "    |     property 'sessionPool' -> object with constructor 'ServerSessionPool'\n" +
    "    --- property 'client' closes the circle\n" +
    '    at JSON.stringify (<anonymous>)\n' +
    '    at stringify (C:\\allProject\\university management system project\\University-Managment-App\\node_modules\\express\\lib\\response.js:1150:12)\n' +
    '    at ServerResponse.json (C:\\allProject\\university management system project\\University-Managment-App\\node_modules\\express\\lib\\response.js:271:14)\n' +
    '    at C:\\allProject\\university management system project\\University-Managment-App\\src\\app\\module\\academicDepartment\\academicDepartment.Controller.ts:61:21\n' +
    '    at Generator.next (<anonymous>)\n' +
    '    at fulfilled (C:\\allProject\\university management system project\\University-Managment-App\\src\\app\\module\\academicDepartment\\academicDepartment.Controller.ts:5:58)\n' +
    '    at processTicksAndRejections (node:internal/process/task_queues:95:5)',
  label: 'right error',
  timestamp: '2023-06-25T04:36:12.689Z'
}
{
  level: 'error',
  message: 'globalErrorHandler Converting circular structure to JSON\n' +
    "    --> starting at object with constructor 'MongoClient'\n" +
    "    |     property 's' -> object with constructor 'Object'\n" +
    "    |     property 'sessionPool' -> object with constructor 'ServerSessionPool'\n" +
    "    --- property 'client' closes the circle",
  stack: 'TypeError: Converting circular structure to JSON\n' +
    "    --> starting at object with constructor 'MongoClient'\n" +
    "    |     property 's' -> object with constructor 'Object'\n" +
    "    |     property 'sessionPool' -> object with constructor 'ServerSessionPool'\n" +
    "    --- property 'client' closes the circle\n" +
    '    at JSON.stringify (<anonymous>)\n' +
    '    at stringify (C:\\allProject\\university management system project\\University-Managment-App\\node_modules\\express\\lib\\response.js:1150:12)\n' +
    '    at ServerResponse.json (C:\\allProject\\university management system project\\University-Managment-App\\node_modules\\express\\lib\\response.js:271:14)\n' +
    '    at C:\\allProject\\university management system project\\University-Managment-App\\src\\app\\module\\academicDepartment\\academicDepartment.Controller.ts:61:21\n' +
    '    at Generator.next (<anonymous>)\n' +
    '    at fulfilled (C:\\allProject\\university management system project\\University-Managment-App\\src\\app\\module\\academicDepartment\\academicDepartment.Controller.ts:5:58)\n' +
    '    at processTicksAndRejections (node:internal/process/task_queues:95:5)',
  label: 'right error',
  timestamp: '2023-06-25T04:36:18.805Z'
}
{
  level: 'error',
  message: 'globalErrorHandler Converting circular structure to JSON\n' +
    "    --> starting at object with constructor 'MongoClient'\n" +
    "    |     property 's' -> object with constructor 'Object'\n" +
    "    |     property 'sessionPool' -> object with constructor 'ServerSessionPool'\n" +
    "    --- property 'client' closes the circle",
  stack: 'TypeError: Converting circular structure to JSON\n' +
    "    --> starting at object with constructor 'MongoClient'\n" +
    "    |     property 's' -> object with constructor 'Object'\n" +
    "    |     property 'sessionPool' -> object with constructor 'ServerSessionPool'\n" +
    "    --- property 'client' closes the circle\n" +
    '    at JSON.stringify (<anonymous>)\n' +
    '    at stringify (C:\\allProject\\university management system project\\University-Managment-App\\node_modules\\express\\lib\\response.js:1150:12)\n' +
    '    at ServerResponse.json (C:\\allProject\\university management system project\\University-Managment-App\\node_modules\\express\\lib\\response.js:271:14)\n' +
    '    at C:\\allProject\\university management system project\\University-Managment-App\\src\\app\\module\\academicDepartment\\academicDepartment.Controller.ts:61:21\n' +
    '    at Generator.next (<anonymous>)\n' +
    '    at fulfilled (C:\\allProject\\university management system project\\University-Managment-App\\src\\app\\module\\academicDepartment\\academicDepartment.Controller.ts:5:58)\n' +
    '    at processTicksAndRejections (node:internal/process/task_queues:95:5)',
  label: 'right error',
  timestamp: '2023-06-25T04:39:59.282Z'
}
{
  level: 'error',
  message: 'globalErrorHandler Converting circular structure to JSON\n' +
    "    --> starting at object with constructor 'MongoClient'\n" +
    "    |     property 's' -> object with constructor 'Object'\n" +
    "    |     property 'sessionPool' -> object with constructor 'ServerSessionPool'\n" +
    "    --- property 'client' closes the circle",
  stack: 'TypeError: Converting circular structure to JSON\n' +
    "    --> starting at object with constructor 'MongoClient'\n" +
    "    |     property 's' -> object with constructor 'Object'\n" +
    "    |     property 'sessionPool' -> object with constructor 'ServerSessionPool'\n" +
    "    --- property 'client' closes the circle\n" +
    '    at JSON.stringify (<anonymous>)\n' +
    '    at stringify (C:\\allProject\\university management system project\\University-Managment-App\\node_modules\\express\\lib\\response.js:1150:12)\n' +
    '    at ServerResponse.json (C:\\allProject\\university management system project\\University-Managment-App\\node_modules\\express\\lib\\response.js:271:14)\n' +
    '    at C:\\allProject\\university management system project\\University-Managment-App\\src\\app\\module\\academicDepartment\\academicDepartment.Controller.ts:61:21\n' +
    '    at Generator.next (<anonymous>)\n' +
    '    at fulfilled (C:\\allProject\\university management system project\\University-Managment-App\\src\\app\\module\\academicDepartment\\academicDepartment.Controller.ts:5:58)\n' +
    '    at processTicksAndRejections (node:internal/process/task_queues:95:5)',
  label: 'right error',
  timestamp: '2023-06-25T04:44:42.019Z'
}
{
  level: 'error',
  message: 'globalErrorHandler filter is not defined',
  stack: 'ReferenceError: filter is not defined\n' +
    '    at C:\\allProject\\university management system project\\University-Managment-App\\src\\app\\module\\academicDepartment\\academicDepartment.service.ts:34:41\n' +
    '    at Generator.next (<anonymous>)\n' +
    '    at C:\\allProject\\university management system project\\University-Managment-App\\src\\app\\module\\academicDepartment\\academicDepartment.service.ts:8:71\n' +
    '    at new Promise (<anonymous>)\n' +
    '    at __awaiter (C:\\allProject\\university management system project\\University-Managment-App\\src\\app\\module\\academicDepartment\\academicDepartment.service.ts:4:12)\n' +
    '    at Object.getAllDepartments (C:\\allProject\\university management system project\\University-Managment-App\\src\\app\\module\\academicDepartment\\academicDepartment.service.ts:25:61)\n' +
    '    at C:\\allProject\\university management system project\\University-Managment-App\\src\\app\\module\\academicDepartment\\academicDepartment.Controller.ts:56:45\n' +
    '    at Generator.next (<anonymous>)\n' +
    '    at C:\\allProject\\university management system project\\University-Managment-App\\src\\app\\module\\academicDepartment\\academicDepartment.Controller.ts:8:71\n' +
    '    at new Promise (<anonymous>)',
  label: 'right error',
  timestamp: '2023-06-25T04:57:31.943Z'
}
{
  level: 'error',
  message: 'globalErrorHandler filter is not defined',
  stack: 'ReferenceError: filter is not defined\n' +
    '    at C:\\allProject\\university management system project\\University-Managment-App\\src\\app\\module\\academicDepartment\\academicDepartment.service.ts:34:41\n' +
    '    at Generator.next (<anonymous>)\n' +
    '    at C:\\allProject\\university management system project\\University-Managment-App\\src\\app\\module\\academicDepartment\\academicDepartment.service.ts:8:71\n' +
    '    at new Promise (<anonymous>)\n' +
    '    at __awaiter (C:\\allProject\\university management system project\\University-Managment-App\\src\\app\\module\\academicDepartment\\academicDepartment.service.ts:4:12)\n' +
    '    at Object.getAllDepartments (C:\\allProject\\university management system project\\University-Managment-App\\src\\app\\module\\academicDepartment\\academicDepartment.service.ts:25:61)\n' +
    '    at C:\\allProject\\university management system project\\University-Managment-App\\src\\app\\module\\academicDepartment\\academicDepartment.Controller.ts:56:45\n' +
    '    at Generator.next (<anonymous>)\n' +
    '    at C:\\allProject\\university management system project\\University-Managment-App\\src\\app\\module\\academicDepartment\\academicDepartment.Controller.ts:8:71\n' +
    '    at new Promise (<anonymous>)',
  label: 'right error',
  timestamp: '2023-06-25T04:58:31.269Z'
}
{
  level: 'error',
  message: 'globalErrorHandler Converting circular structure to JSON\n' +
    "    --> starting at object with constructor 'MongoClient'\n" +
    "    |     property 's' -> object with constructor 'Object'\n" +
    "    |     property 'sessionPool' -> object with constructor 'ServerSessionPool'\n" +
    "    --- property 'client' closes the circle",
  stack: 'TypeError: Converting circular structure to JSON\n' +
    "    --> starting at object with constructor 'MongoClient'\n" +
    "    |     property 's' -> object with constructor 'Object'\n" +
    "    |     property 'sessionPool' -> object with constructor 'ServerSessionPool'\n" +
    "    --- property 'client' closes the circle\n" +
    '    at JSON.stringify (<anonymous>)\n' +
    '    at stringify (C:\\allProject\\university management system project\\University-Managment-App\\node_modules\\express\\lib\\response.js:1150:12)\n' +
    '    at ServerResponse.json (C:\\allProject\\university management system project\\University-Managment-App\\node_modules\\express\\lib\\response.js:271:14)\n' +
    '    at C:\\allProject\\university management system project\\University-Managment-App\\src\\app\\module\\academicDepartment\\academicDepartment.Controller.ts:57:21\n' +
    '    at Generator.next (<anonymous>)\n' +
    '    at fulfilled (C:\\allProject\\university management system project\\University-Managment-App\\src\\app\\module\\academicDepartment\\academicDepartment.Controller.ts:5:58)\n' +
    '    at processTicksAndRejections (node:internal/process/task_queues:95:5)',
  label: 'right error',
  timestamp: '2023-06-25T04:59:41.928Z'
}
