{
  stringValue: '"department"',
  messageFormat: undefined,
  kind: 'ObjectId',
  value: 'department',
  path: '_id',
  reason: BSONError: Argument passed in must be a string of 12 bytes or a string of 24 hex characters or an integer
      at new ObjectId (C:\allProject\university management system project\University-Managment-App\node_modules\bson\src\objectid.ts:88:15)
      at castObjectId (C:\allProject\university management system project\University-Managment-App\node_modules\mongoose\lib\cast\objectid.js:25:12)
      at ObjectId.cast (C:\allProject\university management system project\University-Managment-App\node_modules\mongoose\lib\schema\objectid.js:246:12)
      at ObjectId.SchemaType.applySetters (C:\allProject\university management system project\University-Managment-App\node_modules\mongoose\lib\schematype.js:1204:12)
      at ObjectId.SchemaType.castForQuery (C:\allProject\university management system project\University-Managment-App\node_modules\mongoose\lib\schematype.js:1616:15)
      at cast (C:\allProject\university management system project\University-Managment-App\node_modules\mongoose\lib\cast.js:348:32)
      at model.Query.Query.cast (C:\allProject\university management system project\University-Managment-App\node_modules\mongoose\lib\query.js:4874:12)
      at model.Query.Query._castConditions (C:\allProject\university management system project\University-Managment-App\node_modules\mongoose\lib\query.js:2210:10)
      at model.Query._findOne (C:\allProject\university management system project\University-Managment-App\node_modules\mongoose\lib\query.js:2497:8)
      at model.Query.exec (C:\allProject\university management system project\University-Managment-App\node_modules\mongoose\lib\query.js:4404:28),
  valueType: 'string',
  model: Model { department },
  level: 'error',
  message: 'globalErrorHandler Cast to ObjectId failed for value "department" (type string) at path "_id" for model "department"',
  stack: 'CastError: Cast to ObjectId failed for value "department" (type string) at path "_id" for model "department"\n' +
    '    at ObjectId.cast (C:\\allProject\\university management system project\\University-Managment-App\\node_modules\\mongoose\\lib\\schema\\objectid.js:248:11)\n' +
    '    at ObjectId.SchemaType.applySetters (C:\\allProject\\university management system project\\University-Managment-App\\node_modules\\mongoose\\lib\\schematype.js:1204:12)\n' +
    '    at ObjectId.SchemaType.castForQuery (C:\\allProject\\university management system project\\University-Managment-App\\node_modules\\mongoose\\lib\\schematype.js:1616:15)\n' +
    '    at cast (C:\\allProject\\university management system project\\University-Managment-App\\node_modules\\mongoose\\lib\\cast.js:348:32)\n' +
    '    at model.Query.Query.cast (C:\\allProject\\university management system project\\University-Managment-App\\node_modules\\mongoose\\lib\\query.js:4874:12)\n' +
    '    at model.Query.Query._castConditions (C:\\allProject\\university management system project\\University-Managment-App\\node_modules\\mongoose\\lib\\query.js:2210:10)\n' +
    '    at model.Query._findOne (C:\\allProject\\university management system project\\University-Managment-App\\node_modules\\mongoose\\lib\\query.js:2497:8)\n' +
    '    at model.Query.exec (C:\\allProject\\university management system project\\University-Managment-App\\node_modules\\mongoose\\lib\\query.js:4404:28)\n' +
    '    at processTicksAndRejections (node:internal/process/task_queues:95:5)',
  label: 'right error',
  timestamp: '2023-06-25T03:41:19.357Z'
}
{
  stringValue: '"department"',
  messageFormat: undefined,
  kind: 'ObjectId',
  value: 'department',
  path: '_id',
  reason: BSONError: Argument passed in must be a string of 12 bytes or a string of 24 hex characters or an integer
      at new ObjectId (C:\allProject\university management system project\University-Managment-App\node_modules\bson\src\objectid.ts:88:15)
      at castObjectId (C:\allProject\university management system project\University-Managment-App\node_modules\mongoose\lib\cast\objectid.js:25:12)
      at ObjectId.cast (C:\allProject\university management system project\University-Managment-App\node_modules\mongoose\lib\schema\objectid.js:246:12)
      at ObjectId.SchemaType.applySetters (C:\allProject\university management system project\University-Managment-App\node_modules\mongoose\lib\schematype.js:1204:12)
      at ObjectId.SchemaType.castForQuery (C:\allProject\university management system project\University-Managment-App\node_modules\mongoose\lib\schematype.js:1616:15)
      at cast (C:\allProject\university management system project\University-Managment-App\node_modules\mongoose\lib\cast.js:348:32)
      at model.Query.Query.cast (C:\allProject\university management system project\University-Managment-App\node_modules\mongoose\lib\query.js:4874:12)
      at model.Query.Query._castConditions (C:\allProject\university management system project\University-Managment-App\node_modules\mongoose\lib\query.js:2210:10)
      at model.Query._findOne (C:\allProject\university management system project\University-Managment-App\node_modules\mongoose\lib\query.js:2497:8)
      at model.Query.exec (C:\allProject\university management system project\University-Managment-App\node_modules\mongoose\lib\query.js:4404:28),
  valueType: 'string',
  model: Model { department },
  level: 'error',
  message: 'globalErrorHandler Cast to ObjectId failed for value "department" (type string) at path "_id" for model "department"',
  stack: 'CastError: Cast to ObjectId failed for value "department" (type string) at path "_id" for model "department"\n' +
    '    at ObjectId.cast (C:\\allProject\\university management system project\\University-Managment-App\\node_modules\\mongoose\\lib\\schema\\objectid.js:248:11)\n' +
    '    at ObjectId.SchemaType.applySetters (C:\\allProject\\university management system project\\University-Managment-App\\node_modules\\mongoose\\lib\\schematype.js:1204:12)\n' +
    '    at ObjectId.SchemaType.castForQuery (C:\\allProject\\university management system project\\University-Managment-App\\node_modules\\mongoose\\lib\\schematype.js:1616:15)\n' +
    '    at cast (C:\\allProject\\university management system project\\University-Managment-App\\node_modules\\mongoose\\lib\\cast.js:348:32)\n' +
    '    at model.Query.Query.cast (C:\\allProject\\university management system project\\University-Managment-App\\node_modules\\mongoose\\lib\\query.js:4874:12)\n' +
    '    at model.Query.Query._castConditions (C:\\allProject\\university management system project\\University-Managment-App\\node_modules\\mongoose\\lib\\query.js:2210:10)\n' +
    '    at model.Query._findOne (C:\\allProject\\university management system project\\University-Managment-App\\node_modules\\mongoose\\lib\\query.js:2497:8)\n' +
    '    at model.Query.exec (C:\\allProject\\university management system project\\University-Managment-App\\node_modules\\mongoose\\lib\\query.js:4404:28)\n' +
    '    at processTicksAndRejections (node:internal/process/task_queues:95:5)',
  label: 'right error',
  timestamp: '2023-06-25T03:42:32.705Z'
}
{
  stringValue: '"department"',
  messageFormat: undefined,
  kind: 'ObjectId',
  value: 'department',
  path: '_id',
  reason: BSONError: Argument passed in must be a string of 12 bytes or a string of 24 hex characters or an integer
      at new ObjectId (C:\allProject\university management system project\University-Managment-App\node_modules\bson\src\objectid.ts:88:15)
      at castObjectId (C:\allProject\university management system project\University-Managment-App\node_modules\mongoose\lib\cast\objectid.js:25:12)
      at ObjectId.cast (C:\allProject\university management system project\University-Managment-App\node_modules\mongoose\lib\schema\objectid.js:246:12)
      at ObjectId.SchemaType.applySetters (C:\allProject\university management system project\University-Managment-App\node_modules\mongoose\lib\schematype.js:1204:12)
      at ObjectId.SchemaType.castForQuery (C:\allProject\university management system project\University-Managment-App\node_modules\mongoose\lib\schematype.js:1616:15)
      at cast (C:\allProject\university management system project\University-Managment-App\node_modules\mongoose\lib\cast.js:348:32)
      at model.Query.Query.cast (C:\allProject\university management system project\University-Managment-App\node_modules\mongoose\lib\query.js:4874:12)
      at model.Query.Query._castConditions (C:\allProject\university management system project\University-Managment-App\node_modules\mongoose\lib\query.js:2210:10)
      at model.Query._findOne (C:\allProject\university management system project\University-Managment-App\node_modules\mongoose\lib\query.js:2497:8)
      at model.Query.exec (C:\allProject\university management system project\University-Managment-App\node_modules\mongoose\lib\query.js:4404:28),
  valueType: 'string',
  model: Model { department },
  level: 'error',
  message: 'globalErrorHandler Cast to ObjectId failed for value "department" (type string) at path "_id" for model "department"',
  stack: 'CastError: Cast to ObjectId failed for value "department" (type string) at path "_id" for model "department"\n' +
    '    at ObjectId.cast (C:\\allProject\\university management system project\\University-Managment-App\\node_modules\\mongoose\\lib\\schema\\objectid.js:248:11)\n' +
    '    at ObjectId.SchemaType.applySetters (C:\\allProject\\university management system project\\University-Managment-App\\node_modules\\mongoose\\lib\\schematype.js:1204:12)\n' +
    '    at ObjectId.SchemaType.castForQuery (C:\\allProject\\university management system project\\University-Managment-App\\node_modules\\mongoose\\lib\\schematype.js:1616:15)\n' +
    '    at cast (C:\\allProject\\university management system project\\University-Managment-App\\node_modules\\mongoose\\lib\\cast.js:348:32)\n' +
    '    at model.Query.Query.cast (C:\\allProject\\university management system project\\University-Managment-App\\node_modules\\mongoose\\lib\\query.js:4874:12)\n' +
    '    at model.Query.Query._castConditions (C:\\allProject\\university management system project\\University-Managment-App\\node_modules\\mongoose\\lib\\query.js:2210:10)\n' +
    '    at model.Query._findOne (C:\\allProject\\university management system project\\University-Managment-App\\node_modules\\mongoose\\lib\\query.js:2497:8)\n' +
    '    at model.Query.exec (C:\\allProject\\university management system project\\University-Managment-App\\node_modules\\mongoose\\lib\\query.js:4404:28)\n' +
    '    at processTicksAndRejections (node:internal/process/task_queues:95:5)',
  label: 'right error',
  timestamp: '2023-06-25T03:42:56.579Z'
}
{
  stringValue: '"department"',
  messageFormat: undefined,
  kind: 'ObjectId',
  value: 'department',
  path: '_id',
  reason: BSONError: Argument passed in must be a string of 12 bytes or a string of 24 hex characters or an integer
      at new ObjectId (C:\allProject\university management system project\University-Managment-App\node_modules\bson\src\objectid.ts:88:15)
      at castObjectId (C:\allProject\university management system project\University-Managment-App\node_modules\mongoose\lib\cast\objectid.js:25:12)
      at ObjectId.cast (C:\allProject\university management system project\University-Managment-App\node_modules\mongoose\lib\schema\objectid.js:246:12)
      at ObjectId.SchemaType.applySetters (C:\allProject\university management system project\University-Managment-App\node_modules\mongoose\lib\schematype.js:1204:12)
      at ObjectId.SchemaType.castForQuery (C:\allProject\university management system project\University-Managment-App\node_modules\mongoose\lib\schematype.js:1616:15)
      at cast (C:\allProject\university management system project\University-Managment-App\node_modules\mongoose\lib\cast.js:348:32)
      at model.Query.Query.cast (C:\allProject\university management system project\University-Managment-App\node_modules\mongoose\lib\query.js:4874:12)
      at model.Query.Query._castConditions (C:\allProject\university management system project\University-Managment-App\node_modules\mongoose\lib\query.js:2210:10)
      at model.Query._findOne (C:\allProject\university management system project\University-Managment-App\node_modules\mongoose\lib\query.js:2497:8)
      at model.Query.exec (C:\allProject\university management system project\University-Managment-App\node_modules\mongoose\lib\query.js:4404:28),
  valueType: 'string',
  model: Model { department },
  level: 'error',
  message: 'globalErrorHandler Cast to ObjectId failed for value "department" (type string) at path "_id" for model "department"',
  stack: 'CastError: Cast to ObjectId failed for value "department" (type string) at path "_id" for model "department"\n' +
    '    at ObjectId.cast (C:\\allProject\\university management system project\\University-Managment-App\\node_modules\\mongoose\\lib\\schema\\objectid.js:248:11)\n' +
    '    at ObjectId.SchemaType.applySetters (C:\\allProject\\university management system project\\University-Managment-App\\node_modules\\mongoose\\lib\\schematype.js:1204:12)\n' +
    '    at ObjectId.SchemaType.castForQuery (C:\\allProject\\university management system project\\University-Managment-App\\node_modules\\mongoose\\lib\\schematype.js:1616:15)\n' +
    '    at cast (C:\\allProject\\university management system project\\University-Managment-App\\node_modules\\mongoose\\lib\\cast.js:348:32)\n' +
    '    at model.Query.Query.cast (C:\\allProject\\university management system project\\University-Managment-App\\node_modules\\mongoose\\lib\\query.js:4874:12)\n' +
    '    at model.Query.Query._castConditions (C:\\allProject\\university management system project\\University-Managment-App\\node_modules\\mongoose\\lib\\query.js:2210:10)\n' +
    '    at model.Query._findOne (C:\\allProject\\university management system project\\University-Managment-App\\node_modules\\mongoose\\lib\\query.js:2497:8)\n' +
    '    at model.Query.exec (C:\\allProject\\university management system project\\University-Managment-App\\node_modules\\mongoose\\lib\\query.js:4404:28)\n' +
    '    at processTicksAndRejections (node:internal/process/task_queues:95:5)',
  label: 'right error',
  timestamp: '2023-06-25T03:43:58.360Z'
}
