{
  index: 0,
  code: 11000,
  keyPattern: { email: 1 },
  keyValue: { email: 'user12@gmail.com' },
  level: 'error',
  message: 'globalErrorHandler E11000 duplicate key error collection: University-Managemetn.students index: email_1 dup key: { email: "user12@gmail.com" }',
  stack: 'MongoServerError: E11000 duplicate key error collection: University-Managemetn.students index: email_1 dup key: { email: "user12@gmail.com" }\n' +
    '    at C:\\allProject\\university management system project\\University-Managment-App\\node_modules\\mongodb\\src\\operations\\insert.ts:85:25\n' +
    '    at C:\\allProject\\university management system project\\University-Managment-App\\node_modules\\mongodb\\src\\cmap\\connection_pool.ts:574:11\n' +
    '    at C:\\allProject\\university management system project\\University-Managment-App\\node_modules\\mongodb\\src\\sdam\\server.ts:368:13\n' +
    '    at handleOperationResult (C:\\allProject\\university management system project\\University-Managment-App\\node_modules\\mongodb\\src\\sdam\\server.ts:502:14)\n' +
    '    at Connection.onMessage (C:\\allProject\\university management system project\\University-Managment-App\\node_modules\\mongodb\\src\\cmap\\connection.ts:418:5)\n' +
    '    at MessageStream.<anonymous> (C:\\allProject\\university management system project\\University-Managment-App\\node_modules\\mongodb\\src\\cmap\\connection.ts:243:56)\n' +
    '    at MessageStream.emit (node:events:513:28)\n' +
    '    at processIncomingData (C:\\allProject\\university management system project\\University-Managment-App\\node_modules\\mongodb\\src\\cmap\\message_stream.ts:187:12)\n' +
    '    at MessageStream._write (C:\\allProject\\university management system project\\University-Managment-App\\node_modules\\mongodb\\src\\cmap\\message_stream.ts:68:5)\n' +
    '    at writeOrBuffer (node:internal/streams/writable:392:12)',
  label: 'right error',
  timestamp: '2023-07-02T06:32:35.242Z',
  [Symbol(errorLabels)]: Set(0) {}
}
